Mar 10, 2024 9:07:17 PM mainApp.SpotlessStockXIS run
INFO: SpotlessStockXIS Application Started.
Mar 10, 2024 9:07:17 PM mainApp.SpotlessStockXIS inventoryManager
INFO: SpotlessStockXIS Menu Accessed.
Mar 10, 2024 9:07:19 PM mainApp.SpotlessStockXIS itemAdd
INFO: ==== Add Stock Item ====
Mar 10, 2024 9:07:21 PM mainApp.SpotlessStockXIS itemAdd
INFO: Checking Current Inventory...
Mar 10, 2024 9:07:21 PM mainApp.DatabaseConnector connectToDatabase
INFO: Connected to DB successfully.
Mar 10, 2024 9:07:21 PM mainApp.DatabaseConnector connectToDatabase
INFO: DB Connection Started
Mar 10, 2024 9:07:35 PM mainApp.SpotlessStockXIS inventoryManager
INFO: SpotlessStockXIS Menu Accessed.
Mar 10, 2024 9:07:42 PM mainApp.SpotlessStockXIS stockCheck
INFO: Checking Stock Levels...
Mar 10, 2024 9:07:42 PM mainApp.DatabaseConnector connectToDatabase
INFO: Connected to DB successfully.
Mar 10, 2024 9:07:42 PM mainApp.DatabaseConnector connectToDatabase
INFO: DB Connection Started
